Arguments: 
  /Users/liangcaixia/.nvm/versions/node/v9.5.0/bin/node /usr/local/Cellar/yarn/1.5.1_1/libexec/bin/yarn.js run build

PATH: 
  /Users/liangcaixia/.nvm/versions/node/v9.5.0/bin:/Users/liangcaixia/bin:/usr/local/bin:/usr/local/bin:/usr/bin:/bin:/usr/sbin:/sbin:/Users/liangcaixia/bin

Yarn version: 
  1.5.1

Node version: 
  9.5.0

Platform: 
  darwin x64

npm manifest: 
  {
    "scripts":{
        "start": "supervisor -w dist ./dist/server/index.js",
        "build": "tsc"
    },
    "dependencies": {
      "@types/node": "^11.11.4"
    },
    "devDependencies": {
      "supervisor": "^0.12.0"
    }
  }

yarn manifest: 
  No manifest

Lockfile: 
  # THIS IS AN AUTOGENERATED FILE. DO NOT EDIT THIS FILE DIRECTLY.
  # yarn lockfile v1
  
  
  "@types/node@^11.11.4":
    version "11.11.4"
    resolved "https://registry.yarnpkg.com/@types/node/-/node-11.11.4.tgz#8808bd5a82bbf6f5d412eff1c228d178e7c24bb3"
  
  supervisor@^0.12.0:
    version "0.12.0"
    resolved "http://registry.npm.taobao.org/supervisor/download/supervisor-0.12.0.tgz#de7e6337015b291851c10f3538c4a7f04917ecc1"

Trace: 
  Error: Command failed.
  Exit code: 2
  Command: sh
  Arguments: -c tsc
  Directory: /Users/liangcaixia/Dianwoda/Demo/nodeTsDemo
  Output:
  
      at ProcessTermError.MessageError (/usr/local/Cellar/yarn/1.5.1_1/libexec/lib/cli.js:186:110)
      at new ProcessTermError (/usr/local/Cellar/yarn/1.5.1_1/libexec/lib/cli.js:226:113)
      at ChildProcess.<anonymous> (/usr/local/Cellar/yarn/1.5.1_1/libexec/lib/cli.js:30281:17)
      at ChildProcess.emit (events.js:160:13)
      at maybeClose (internal/child_process.js:943:16)
      at Process.ChildProcess._handle.onexit (internal/child_process.js:220:5)
